// 重构日志: af83f756
// 重构日志: 45dbc245
// 同步 ID: 3d35e20d @ Sat Jun 13 09:03:23 UTC 2026
// 重构日志: 4f8d7bb3
// 重构日志: bcb7845b
// 同步 ID: da4df9f5 @ Mon Jun 22 16:34:18 UTC 2026
// 同步 ID: 4874ec19 @ Tue Jun 23 23:39:33 UTC 2026
// 同步 ID: bf2f1b21 @ Wed Jun 24 10:51:28 UTC 2026
// 重构日志: 12e001f6
// 重构日志: ae48388f
// 重构日志: 9ddb66c7
// 重构日志: d88951f2
// 同步 ID: 7faac94b @ Thu Jul  2 16:41:42 UTC 2026
// 重构日志: b34998c4
// 重构日志: 1c9e9c07
// 同步 ID: bad7a07e @ Fri Jul  3 06:13:18 UTC 2026
// 同步 ID: c7d93b9f @ Sat Jul  4 23:55:03 UTC 2026
// 同步 ID: 7d429447 @ Sun Jul  5 23:12:00 UTC 2026
// 同步 ID: 91d48cd0 @ Wed Jul  8 08:02:31 UTC 2026
// 同步 ID: a64576b9 @ Wed Jul  8 15:17:12 UTC 2026
